<?xml version="1.0" encoding="UTF-8"?>
<testsuite xmlns:xsi="http://www.w3.org/2001/XMLSchema-instance" xsi:noNamespaceSchemaLocation="https://maven.apache.org/surefire/maven-surefire-plugin/xsd/surefire-test-report.xsd" name="nl.han.oose.dea.api.resources.LoginResourceTest" time="1.865" tests="3" errors="0" skipped="0" failures="0">
  <properties>
[...]
</properties>
  <testcase name="authenticateUser_CallsLogin_FromUserService" classname="nl.han.oose.dea.api.resources.LoginResourceTest" time="1.818"/>
  <testcase name="loginWithInvalidCredentials_Returns401" classname="nl.han.oose.dea.api.resources.LoginResourceTest" time="0.014"/>
  <testcase name="authenticateWithValidCredentials_ReturnsLoginResponseDTOAsEntity" classname="nl.han.oose.dea.api.resources.LoginResourceTest" time="0.013"/>
</testsuite>